TN:
SF:/home/kevinaud/bin/ng2-aws-cognito/example/node_modules/angular2-template-loader/index.js!/home/kevinaud/bin/ng2-aws-cognito/example/node_modules/tslint-loader/index.js!/home/kevinaud/bin/ng2-aws-cognito/example/src/test.ts
FN:15,(anonymous_1)
FN:23,(anonymous_2)
FN:30,(anonymous_3)
FN:32,(anonymous_4)
FNF:4
FNH:4
FNDA:1,(anonymous_1)
FNDA:1,(anonymous_2)
FNDA:1,(anonymous_3)
FNDA:1,(anonymous_4)
DA:1,1
DA:3,1
DA:4,1
DA:5,1
DA:6,1
DA:7,1
DA:8,1
DA:15,1
DA:18,1
DA:24,1
DA:30,1
DA:32,1
LF:12
LH:12
BRF:0
BRH:0
end_of_record
TN:
SF:/home/kevinaud/bin/ng2-aws-cognito/example/node_modules/angular2-template-loader/index.js!/home/kevinaud/bin/ng2-aws-cognito/example/node_modules/tslint-loader/index.js!/home/kevinaud/bin/ng2-aws-cognito/example/src/polyfills.ts
FNF:0
FNH:0
DA:3,1
DA:4,1
DA:5,1
DA:6,1
DA:7,1
DA:8,1
DA:9,1
DA:10,1
DA:11,1
DA:12,1
DA:13,1
DA:14,1
DA:15,1
DA:16,1
DA:18,1
DA:19,1
LF:16
LH:16
BRF:0
BRH:0
end_of_record
TN:
SF:/home/kevinaud/bin/ng2-aws-cognito/example/node_modules/angular2-template-loader/index.js!/home/kevinaud/bin/ng2-aws-cognito/example/node_modules/tslint-loader/index.js!/home/kevinaud/bin/ng2-aws-cognito/example/src/app/app.component.ts
FN:10,(anonymous_3)
FNF:1
FNH:1
FNDA:2,(anonymous_3)
DA:1,1
DA:3,1
DA:5,1
DA:10,2
DA:12,1
DA:14,1
LF:6
LH:6
BRF:0
BRH:0
end_of_record
TN:
SF:/home/kevinaud/bin/ng2-aws-cognito/example/node_modules/angular2-template-loader/index.js!/home/kevinaud/bin/ng2-aws-cognito/example/node_modules/tslint-loader/index.js!/home/kevinaud/bin/ng2-aws-cognito/example/src/app/app.routing.ts
FNF:0
FNH:0
DA:2,1
DA:4,1
DA:5,1
DA:6,1
DA:7,1
DA:9,1
DA:33,1
DA:52,1
LF:8
LH:8
BRF:0
BRH:0
end_of_record
TN:
SF:/home/kevinaud/bin/ng2-aws-cognito/example/node_modules/angular2-template-loader/index.js!/home/kevinaud/bin/ng2-aws-cognito/example/node_modules/tslint-loader/index.js!/home/kevinaud/bin/ng2-aws-cognito/example/src/app/home/home.component.ts
FN:10,(anonymous_3)
FN:12,HomeComponent
FN:14,(anonymous_5)
FNF:3
FNH:3
FNDA:1,(anonymous_3)
FNDA:1,HomeComponent
FNDA:1,(anonymous_5)
DA:1,1
DA:3,1
DA:5,1
DA:10,1
DA:12,1
DA:14,1
DA:17,1
LF:7
LH:7
BRF:0
BRH:0
end_of_record
TN:
SF:/home/kevinaud/bin/ng2-aws-cognito/example/node_modules/angular2-template-loader/index.js!/home/kevinaud/bin/ng2-aws-cognito/example/node_modules/tslint-loader/index.js!/home/kevinaud/bin/ng2-aws-cognito/index.ts
FNF:0
FNH:0
DA:1,1
DA:2,1
DA:3,1
DA:4,1
DA:5,1
DA:6,1
LF:6
LH:6
BRF:0
BRH:0
end_of_record
TN:
SF:/home/kevinaud/bin/ng2-aws-cognito/example/node_modules/angular2-template-loader/index.js!/home/kevinaud/bin/ng2-aws-cognito/example/node_modules/tslint-loader/index.js!/home/kevinaud/bin/ng2-aws-cognito/lib/ng2-aws-cognito.module.ts
FN:21,(anonymous_3)
FN:23,(anonymous_5)
FNF:2
FNH:1
FNDA:1,(anonymous_3)
FNDA:0,(anonymous_5)
DA:1,1
DA:3,1
DA:4,1
DA:5,1
DA:6,1
DA:7,1
DA:8,1
DA:9,1
DA:13,1
DA:21,2
DA:23,1
DA:24,0
DA:35,1
LF:13
LH:12
BRF:0
BRH:0
end_of_record
TN:
SF:/home/kevinaud/bin/ng2-aws-cognito/example/node_modules/angular2-template-loader/index.js!/home/kevinaud/bin/ng2-aws-cognito/example/node_modules/tslint-loader/index.js!/home/kevinaud/bin/ng2-aws-cognito/lib/api-client.service.ts
FN:9,(anonymous_3)
FN:13,ApiClientService
FN:17,(anonymous_5)
FNF:3
FNH:3
FNDA:1,(anonymous_3)
FNDA:4,ApiClientService
FNDA:6,(anonymous_5)
DA:1,1
DA:2,1
DA:4,1
DA:6,1
DA:8,1
DA:9,5
DA:13,4
DA:15,4
DA:17,4
DA:19,6
DA:21,1
DA:27,1
DA:31,5
DA:66,1
LF:14
LH:14
BRDA:19,1,0,1
BRDA:19,1,1,5
BRF:2
BRH:2
end_of_record
TN:
SF:/home/kevinaud/bin/ng2-aws-cognito/example/node_modules/angular2-template-loader/index.js!/home/kevinaud/bin/ng2-aws-cognito/example/node_modules/tslint-loader/index.js!/home/kevinaud/bin/ng2-aws-cognito/lib/apig-client-factory.ts
FN:5,(anonymous_1)
FN:7,(anonymous_3)
FNF:2
FNH:1
FNDA:1,(anonymous_1)
FNDA:0,(anonymous_3)
DA:5,2
DA:7,1
DA:11,1
LF:3
LH:3
BRF:0
BRH:0
end_of_record
TN:
SF:/home/kevinaud/bin/ng2-aws-cognito/example/node_modules/angular2-template-loader/index.js!/home/kevinaud/bin/ng2-aws-cognito/example/node_modules/tslint-loader/index.js!/home/kevinaud/bin/ng2-aws-cognito/lib/user.service.ts
FN:9,(anonymous_3)
FN:14,UserService
FN:18,(anonymous_5)
FN:29,(anonymous_6)
FN:33,(anonymous_7)
FN:35,(anonymous_8)
FN:36,(anonymous_9)
FN:54,(anonymous_10)
FN:59,(anonymous_11)
FNF:9
FNH:6
FNDA:1,(anonymous_3)
FNDA:11,UserService
FNDA:8,(anonymous_5)
FNDA:0,(anonymous_6)
FNDA:2,(anonymous_7)
FNDA:2,(anonymous_8)
FNDA:2,(anonymous_9)
FNDA:0,(anonymous_10)
FNDA:0,(anonymous_11)
DA:1,1
DA:2,1
DA:5,1
DA:6,1
DA:8,1
DA:9,1
DA:12,11
DA:14,11
DA:15,11
DA:18,1
DA:20,8
DA:21,8
DA:22,0
DA:24,8
DA:29,1
DA:33,3
DA:35,2
DA:36,2
DA:38,2
DA:39,1
DA:40,1
DA:43,1
DA:44,1
DA:50,2
DA:54,1
DA:55,0
DA:56,0
DA:59,1
DA:63,1
LF:29
LH:26
BRDA:21,1,0,0
BRDA:21,1,1,8
BRDA:38,2,0,1
BRDA:38,2,1,1
BRF:4
BRH:3
end_of_record
TN:
SF:/home/kevinaud/bin/ng2-aws-cognito/example/node_modules/angular2-template-loader/index.js!/home/kevinaud/bin/ng2-aws-cognito/example/node_modules/tslint-loader/index.js!/home/kevinaud/bin/ng2-aws-cognito/lib/aws.service.ts
FN:6,(anonymous_3)
FN:14,AwsService
FN:42,(anonymous_5)
FN:60,(anonymous_6)
FN:62,(anonymous_7)
FN:73,(anonymous_8)
FN:74,(anonymous_9)
FN:79,(anonymous_10)
FN:81,(anonymous_11)
FN:90,(anonymous_12)
FN:102,(anonymous_13)
FN:112,(anonymous_14)
FN:122,(anonymous_15)
FN:132,(anonymous_16)
FN:150,(anonymous_17)
FNF:15
FNH:2
FNDA:1,(anonymous_3)
FNDA:1,AwsService
FNDA:0,(anonymous_5)
FNDA:0,(anonymous_6)
FNDA:0,(anonymous_7)
FNDA:0,(anonymous_8)
FNDA:0,(anonymous_9)
FNDA:0,(anonymous_10)
FNDA:0,(anonymous_11)
FNDA:0,(anonymous_12)
FNDA:0,(anonymous_13)
FNDA:0,(anonymous_14)
FNDA:0,(anonymous_15)
FNDA:0,(anonymous_16)
FNDA:0,(anonymous_17)
DA:1,1
DA:3,1
DA:5,1
DA:6,1
DA:8,1
DA:10,1
DA:11,1
DA:12,1
DA:14,1
DA:17,1
DA:20,1
DA:22,1
DA:24,1
DA:26,0
DA:27,0
DA:29,0
DA:31,0
DA:32,0
DA:35,0
DA:42,1
DA:44,0
DA:46,0
DA:47,0
DA:48,0
DA:50,0
DA:60,1
DA:61,0
DA:62,0
DA:64,0
DA:66,0
DA:67,0
DA:69,0
DA:73,1
DA:74,0
DA:75,0
DA:79,1
DA:81,0
DA:85,0
DA:87,0
DA:88,0
DA:90,0
DA:91,0
DA:92,0
DA:96,0
DA:98,0
DA:102,1
DA:104,0
DA:109,0
DA:112,1
DA:114,0
DA:119,0
DA:122,1
DA:124,0
DA:129,0
DA:132,1
DA:134,0
DA:139,0
DA:140,0
DA:142,0
DA:150,1
DA:151,0
DA:152,0
DA:153,0
DA:156,1
LF:64
LH:23
BRDA:24,1,0,0
BRDA:24,1,1,1
BRDA:29,2,0,0
BRDA:29,2,1,0
BRF:4
BRH:1
end_of_record
TN:
SF:/home/kevinaud/bin/ng2-aws-cognito/example/node_modules/angular2-template-loader/index.js!/home/kevinaud/bin/ng2-aws-cognito/example/node_modules/tslint-loader/index.js!/home/kevinaud/bin/ng2-aws-cognito/lib/aws-cognito-config.ts
FN:4,(anonymous_3)
FNF:1
FNH:1
FNDA:1,(anonymous_3)
DA:1,1
DA:3,1
DA:4,2
DA:9,1
LF:4
LH:4
BRF:0
BRH:0
end_of_record
TN:
SF:/home/kevinaud/bin/ng2-aws-cognito/example/node_modules/angular2-template-loader/index.js!/home/kevinaud/bin/ng2-aws-cognito/example/node_modules/tslint-loader/index.js!/home/kevinaud/bin/ng2-aws-cognito/lib/local-storage.service.ts
FN:4,(anonymous_3)
FN:6,LocalStorageService
FN:8,(anonymous_5)
FN:12,(anonymous_6)
FN:16,(anonymous_7)
FN:20,(anonymous_8)
FNF:6
FNH:3
FNDA:1,(anonymous_3)
FNDA:5,LocalStorageService
FNDA:4,(anonymous_5)
FNDA:0,(anonymous_6)
FNDA:0,(anonymous_7)
FNDA:0,(anonymous_8)
DA:1,1
DA:3,1
DA:4,1
DA:6,1
DA:8,1
DA:9,4
DA:12,1
DA:13,0
DA:16,1
DA:17,0
DA:20,1
DA:21,0
DA:24,1
LF:13
LH:10
BRF:0
BRH:0
end_of_record
TN:
SF:/home/kevinaud/bin/ng2-aws-cognito/example/node_modules/angular2-template-loader/index.js!/home/kevinaud/bin/ng2-aws-cognito/example/node_modules/tslint-loader/index.js!/home/kevinaud/bin/ng2-aws-cognito/lib/api-gateway.service.ts
FN:10,(anonymous_3)
FN:17,ApiGatewayService
FN:22,(anonymous_5)
FN:30,(anonymous_6)
FN:31,(anonymous_7)
FN:34,(anonymous_8)
FN:41,(anonymous_9)
FN:45,(anonymous_10)
FN:64,(anonymous_11)
FN:65,(anonymous_12)
FNF:10
FNH:6
FNDA:1,(anonymous_3)
FNDA:4,ApiGatewayService
FNDA:4,(anonymous_5)
FNDA:0,(anonymous_6)
FNDA:0,(anonymous_7)
FNDA:0,(anonymous_8)
FNDA:4,(anonymous_9)
FNDA:68,(anonymous_10)
FNDA:60,(anonymous_11)
FNDA:0,(anonymous_12)
DA:1,1
DA:2,1
DA:5,1
DA:6,1
DA:7,1
DA:9,1
DA:10,1
DA:12,4
DA:15,4
DA:17,4
DA:18,4
DA:20,4
DA:22,4
DA:23,4
DA:24,4
DA:25,4
DA:30,1
DA:31,0
DA:32,0
DA:34,0
DA:35,0
DA:36,0
DA:41,1
DA:42,4
DA:43,4
DA:45,4
DA:46,68
DA:47,68
DA:49,68
DA:50,60
DA:51,12
DA:54,60
DA:57,8
DA:61,4
DA:64,1
DA:65,60
DA:84,1
LF:37
LH:32
BRDA:24,1,0,4
BRDA:24,1,1,0
BRDA:49,2,0,60
BRDA:49,2,1,8
BRDA:50,3,0,12
BRDA:50,3,1,48
BRF:6
BRH:5
end_of_record
TN:
SF:/home/kevinaud/bin/ng2-aws-cognito/example/node_modules/angular2-template-loader/index.js!/home/kevinaud/bin/ng2-aws-cognito/example/node_modules/tslint-loader/index.js!/home/kevinaud/bin/ng2-aws-cognito/lib/match.service.ts
FN:5,(anonymous_3)
FN:9,(anonymous_5)
FN:18,(anonymous_6)
FN:22,(anonymous_7)
FN:31,(anonymous_8)
FN:34,(anonymous_9)
FNF:6
FNH:3
FNDA:5,(anonymous_3)
FNDA:136,(anonymous_5)
FNDA:68,(anonymous_6)
FNDA:0,(anonymous_7)
FNDA:0,(anonymous_8)
FNDA:0,(anonymous_9)
DA:1,1
DA:2,1
DA:4,1
DA:5,2
DA:6,4
DA:7,4
DA:9,1
DA:10,136
DA:11,136
DA:12,120
DA:14,16
DA:18,1
DA:19,68
DA:22,1
DA:23,0
DA:24,0
DA:25,0
DA:26,0
DA:28,0
DA:31,1
DA:33,0
DA:34,0
DA:35,0
DA:38,0
DA:40,1
LF:25
LH:16
BRDA:11,1,0,120
BRDA:11,1,1,16
BRDA:25,2,0,0
BRDA:25,2,1,0
BRDA:33,3,0,0
BRDA:33,3,1,0
BRF:6
BRH:2
end_of_record
TN:
SF:/home/kevinaud/bin/ng2-aws-cognito/example/node_modules/angular2-template-loader/index.js!/home/kevinaud/bin/ng2-aws-cognito/example/node_modules/tslint-loader/index.js!/home/kevinaud/bin/ng2-aws-cognito/example/src/app/login/login.component.ts
FN:10,(anonymous_3)
FN:20,LoginComponent
FN:24,(anonymous_5)
FN:28,(anonymous_6)
FNF:4
FNH:3
FNDA:1,(anonymous_3)
FNDA:1,LoginComponent
FNDA:1,(anonymous_5)
FNDA:0,(anonymous_6)
DA:1,1
DA:3,1
DA:5,1
DA:10,1
DA:13,1
DA:14,1
DA:15,1
DA:20,1
DA:21,1
DA:24,1
DA:28,1
DA:62,1
LF:12
LH:12
BRF:0
BRH:0
end_of_record
TN:
SF:/home/kevinaud/bin/ng2-aws-cognito/example/node_modules/angular2-template-loader/index.js!/home/kevinaud/bin/ng2-aws-cognito/example/node_modules/tslint-loader/index.js!/home/kevinaud/bin/ng2-aws-cognito/example/src/app/forms/question.service.ts
FN:10,(anonymous_3)
FN:12,(anonymous_5)
FN:32,(anonymous_6)
FN:35,(anonymous_7)
FN:63,(anonymous_8)
FNF:5
FNH:5
FNDA:3,(anonymous_3)
FNDA:1,(anonymous_5)
FNDA:1,(anonymous_6)
FNDA:1,(anonymous_7)
FNDA:2,(anonymous_8)
DA:1,1
DA:5,1
DA:9,1
DA:10,2
DA:12,1
DA:13,1
DA:32,1
DA:35,1
DA:36,1
DA:63,2
DA:66,1
LF:11
LH:11
BRF:0
BRH:0
end_of_record
TN:
SF:/home/kevinaud/bin/ng2-aws-cognito/example/node_modules/angular2-template-loader/index.js!/home/kevinaud/bin/ng2-aws-cognito/example/node_modules/tslint-loader/index.js!/home/kevinaud/bin/ng2-aws-cognito/example/src/app/forms/question-text.ts
FN:3,(anonymous_3)
FN:7,TextboxQuestion
FNF:2
FNH:2
FNDA:1,(anonymous_3)
FNDA:5,TextboxQuestion
DA:1,1
DA:3,1
DA:4,5
DA:7,5
DA:8,5
DA:9,5
DA:11,1
LF:7
LH:7
BRDA:7,1,0,0
BRDA:7,1,1,5
BRDA:9,2,0,5
BRDA:9,2,1,0
BRF:4
BRH:2
end_of_record
TN:
SF:/home/kevinaud/bin/ng2-aws-cognito/example/node_modules/angular2-template-loader/index.js!/home/kevinaud/bin/ng2-aws-cognito/example/node_modules/tslint-loader/index.js!/home/kevinaud/bin/ng2-aws-cognito/example/src/app/forms/question-base.ts
FN:1,(anonymous_1)
FN:9,QuestionBase
FNF:2
FNH:2
FNDA:1,(anonymous_1)
FNDA:5,QuestionBase
DA:1,1
DA:9,5
DA:18,5
DA:19,5
DA:20,5
DA:21,5
DA:22,5
DA:23,5
DA:24,5
DA:26,1
LF:10
LH:10
BRDA:9,1,0,0
BRDA:9,1,1,5
BRDA:19,2,0,5
BRDA:19,2,1,0
BRDA:20,3,0,5
BRDA:20,3,1,0
BRDA:21,4,0,5
BRDA:21,4,1,0
BRDA:23,5,0,0
BRDA:23,5,1,5
BRDA:24,6,0,5
BRDA:24,6,1,5
BRF:12
BRH:7
end_of_record
TN:
SF:/home/kevinaud/bin/ng2-aws-cognito/example/node_modules/angular2-template-loader/index.js!/home/kevinaud/bin/ng2-aws-cognito/example/node_modules/tslint-loader/index.js!/home/kevinaud/bin/ng2-aws-cognito/example/src/app/profile/profile.component.ts
FN:10,(anonymous_3)
FN:12,ProfileComponent
FN:14,(anonymous_5)
FNF:3
FNH:3
FNDA:1,(anonymous_3)
FNDA:1,ProfileComponent
FNDA:1,(anonymous_5)
DA:1,1
DA:3,1
DA:5,1
DA:10,1
DA:12,1
DA:14,1
DA:17,1
LF:7
LH:7
BRF:0
BRH:0
end_of_record
TN:
SF:/home/kevinaud/bin/ng2-aws-cognito/example/node_modules/angular2-template-loader/index.js!/home/kevinaud/bin/ng2-aws-cognito/example/node_modules/tslint-loader/index.js!/home/kevinaud/bin/ng2-aws-cognito/example/src/app/sign-up/sign-up.component.ts
FN:10,(anonymous_3)
FN:20,SignUpComponent
FN:24,(anonymous_5)
FN:28,(anonymous_6)
FNF:4
FNH:3
FNDA:1,(anonymous_3)
FNDA:1,SignUpComponent
FNDA:1,(anonymous_5)
FNDA:0,(anonymous_6)
DA:1,1
DA:3,1
DA:5,1
DA:10,1
DA:13,1
DA:14,1
DA:15,1
DA:20,1
DA:21,1
DA:24,1
DA:28,1
DA:62,1
LF:12
LH:12
BRF:0
BRH:0
end_of_record
TN:
SF:/home/kevinaud/bin/ng2-aws-cognito/example/node_modules/angular2-template-loader/index.js!/home/kevinaud/bin/ng2-aws-cognito/example/node_modules/tslint-loader/index.js!/home/kevinaud/bin/ng2-aws-cognito/example/src/app/forms/dynamic-form-input/dynamic-form-input.component.ts
FN:11,(anonymous_3)
FN:16,(anonymous_5)
FN:36,(anonymous_6)
FN:57,(anonymous_7)
FNF:4
FNH:1
FNDA:1,(anonymous_3)
FNDA:0,(anonymous_5)
FNDA:0,(anonymous_6)
FNDA:0,(anonymous_7)
DA:1,1
DA:2,1
DA:4,1
DA:6,1
DA:11,2
DA:13,1
DA:14,1
DA:16,1
DA:17,0
DA:19,0
DA:23,0
DA:24,0
DA:26,0
DA:31,0
DA:33,0
DA:36,1
DA:37,0
DA:39,0
DA:43,0
DA:44,0
DA:46,0
DA:51,0
DA:53,0
DA:57,1
DA:61,1
LF:25
LH:11
BRDA:17,1,0,0
BRDA:17,1,1,0
BRDA:19,2,0,0
BRDA:19,2,1,0
BRDA:19,2,2,0
BRDA:24,3,0,0
BRDA:24,3,1,0
BRDA:26,4,0,0
BRDA:26,4,1,0
BRDA:26,4,2,0
BRDA:26,4,3,0
BRDA:37,5,0,0
BRDA:37,5,1,0
BRDA:39,6,0,0
BRDA:39,6,1,0
BRDA:39,6,2,0
BRDA:44,7,0,0
BRDA:44,7,1,0
BRDA:46,8,0,0
BRDA:46,8,1,0
BRDA:46,8,2,0
BRDA:46,8,3,0
BRF:22
BRH:0
end_of_record
TN:
SF:/home/kevinaud/bin/ng2-aws-cognito/example/node_modules/angular2-template-loader/index.js!/home/kevinaud/bin/ng2-aws-cognito/example/node_modules/tslint-loader/index.js!/home/kevinaud/bin/ng2-aws-cognito/example/src/app/forms/question-control.service.ts
FN:7,(anonymous_3)
FN:8,QuestionControlService
FN:34,(anonymous_5)
FN:51,(anonymous_6)
FN:10,(anonymous_7)
FN:13,(anonymous_8)
FNF:6
FNH:1
FNDA:1,(anonymous_3)
FNDA:0,QuestionControlService
FNDA:0,(anonymous_5)
FNDA:0,(anonymous_6)
FNDA:0,(anonymous_7)
FNDA:0,(anonymous_8)
DA:1,1
DA:2,1
DA:6,1
DA:7,1
DA:8,1
DA:10,1
DA:11,0
DA:13,0
DA:14,0
DA:16,0
DA:18,0
DA:20,0
DA:22,0
DA:24,0
DA:27,0
DA:31,0
DA:34,0
DA:36,0
DA:38,0
DA:41,0
DA:44,0
DA:47,0
DA:51,0
DA:53,0
DA:55,0
DA:58,0
DA:61,0
DA:64,0
DA:67,0
DA:70,0
DA:74,1
LF:31
LH:7
BRDA:38,1,0,0
BRDA:38,1,1,0
BRDA:38,2,0,0
BRDA:38,2,1,0
BRDA:39,3,0,0
BRDA:39,3,1,0
BRDA:41,4,0,0
BRDA:41,4,1,0
BRDA:41,5,0,0
BRDA:41,5,1,0
BRDA:42,6,0,0
BRDA:42,6,1,0
BRDA:44,7,0,0
BRDA:44,7,1,0
BRDA:44,8,0,0
BRDA:44,8,1,0
BRDA:45,9,0,0
BRDA:45,9,1,0
BRDA:55,10,0,0
BRDA:55,10,1,0
BRDA:55,11,0,0
BRDA:55,11,1,0
BRDA:56,12,0,0
BRDA:56,12,1,0
BRDA:58,13,0,0
BRDA:58,13,1,0
BRDA:58,14,0,0
BRDA:58,14,1,0
BRDA:59,15,0,0
BRDA:59,15,1,0
BRDA:61,16,0,0
BRDA:61,16,1,0
BRDA:61,17,0,0
BRDA:61,17,1,0
BRDA:62,18,0,0
BRDA:62,18,1,0
BRDA:64,19,0,0
BRDA:64,19,1,0
BRDA:64,20,0,0
BRDA:64,20,1,0
BRDA:65,21,0,0
BRDA:65,21,1,0
BRDA:67,22,0,0
BRDA:67,22,1,0
BRDA:67,23,0,0
BRDA:67,23,1,0
BRDA:68,24,0,0
BRDA:68,24,1,0
BRDA:14,25,0,0
BRDA:14,25,1,0
BRDA:20,26,0,0
BRDA:20,26,1,0
BRDA:27,27,0,0
BRDA:27,27,1,0
BRDA:27,28,0,0
BRDA:27,28,1,0
BRDA:28,29,0,0
BRDA:28,29,1,0
BRF:58
BRH:0
end_of_record
TN:
SF:/home/kevinaud/bin/ng2-aws-cognito/example/node_modules/angular2-template-loader/index.js!/home/kevinaud/bin/ng2-aws-cognito/example/node_modules/tslint-loader/index.js!/home/kevinaud/bin/ng2-aws-cognito/example/src/app/forms/dynamic-form/dynamic-form.component.ts
FN:13,(anonymous_3)
FN:25,DynamicFormComponent
FN:29,(anonymous_5)
FN:33,(anonymous_6)
FNF:4
FNH:3
FNDA:1,(anonymous_3)
FNDA:1,DynamicFormComponent
FNDA:1,(anonymous_5)
FNDA:0,(anonymous_6)
DA:1,1
DA:4,1
DA:6,1
DA:8,1
DA:13,1
DA:15,1
DA:16,1
DA:17,1
DA:18,1
DA:19,1
DA:22,1
DA:25,1
DA:26,1
DA:29,1
DA:30,1
DA:33,1
DA:34,0
DA:37,1
LF:18
LH:17
BRF:0
BRH:0
end_of_record
TN:
SF:/home/kevinaud/bin/ng2-aws-cognito/example/node_modules/angular2-template-loader/index.js!/home/kevinaud/bin/ng2-aws-cognito/example/node_modules/tslint-loader/index.js!/home/kevinaud/bin/ng2-aws-cognito/example/src/app/forms/form-response.ts
FNF:0
FNH:0
LF:0
LH:0
BRF:0
BRH:0
end_of_record
TN:
SF:/home/kevinaud/bin/ng2-aws-cognito/example/node_modules/angular2-template-loader/index.js!/home/kevinaud/bin/ng2-aws-cognito/example/node_modules/tslint-loader/index.js!/home/kevinaud/bin/ng2-aws-cognito/example/src/app/nav/sidenav/sidenav.component.ts
FN:11,(anonymous_3)
FN:17,SidenavComponent
FN:19,(anonymous_5)
FN:23,(anonymous_6)
FN:27,(anonymous_7)
FN:31,(anonymous_8)
FN:35,(anonymous_9)
FN:39,(anonymous_10)
FNF:8
FNH:3
FNDA:1,(anonymous_3)
FNDA:1,SidenavComponent
FNDA:0,(anonymous_5)
FNDA:1,(anonymous_6)
FNDA:0,(anonymous_7)
FNDA:0,(anonymous_8)
FNDA:0,(anonymous_9)
FNDA:0,(anonymous_10)
DA:1,1
DA:2,1
DA:6,1
DA:11,1
DA:15,1
DA:17,1
DA:19,1
DA:20,0
DA:23,1
DA:24,1
DA:27,1
DA:28,0
DA:31,1
DA:32,0
DA:35,1
DA:36,0
DA:39,1
DA:40,0
DA:43,1
LF:19
LH:14
BRF:0
BRH:0
end_of_record
TN:
SF:/home/kevinaud/bin/ng2-aws-cognito/example/node_modules/angular2-template-loader/index.js!/home/kevinaud/bin/ng2-aws-cognito/example/node_modules/tslint-loader/index.js!/home/kevinaud/bin/ng2-aws-cognito/example/src/app/nav/toolbar/toolbar.component.ts
FN:10,(anonymous_3)
FN:15,ToolbarComponent
FN:17,(anonymous_5)
FN:19,(anonymous_6)
FN:23,(anonymous_7)
FNF:5
FNH:3
FNDA:1,(anonymous_3)
FNDA:1,ToolbarComponent
FNDA:1,(anonymous_5)
FNDA:0,(anonymous_6)
FNDA:0,(anonymous_7)
DA:1,1
DA:3,1
DA:5,1
DA:10,1
DA:12,1
DA:15,1
DA:17,1
DA:19,1
DA:20,0
DA:23,1
DA:24,0
DA:28,1
LF:12
LH:10
BRF:0
BRH:0
end_of_record
